[debug] [2026-01-27T05:07:26.708Z] ----------------------------------------------------------------------
[debug] [2026-01-27T05:07:26.710Z] Command:       C:\Program Files\nodejs\node.exe C:\Users\Admin\AppData\Roaming\npm\node_modules\firebase-tools\lib\bin\firebase.js projects:list
[debug] [2026-01-27T05:07:26.711Z] CLI Version:   15.4.0
[debug] [2026-01-27T05:07:26.711Z] Platform:      win32
[debug] [2026-01-27T05:07:26.711Z] Node Version:  v24.13.0
[debug] [2026-01-27T05:07:26.711Z] Time:          Tue Jan 27 2026 12:07:26 GMT+0700 (เวลาอินโดจีน)
[debug] [2026-01-27T05:07:26.711Z] ----------------------------------------------------------------------
[debug] 
[debug] [2026-01-27T05:07:26.719Z] > command requires scopes: ["email","openid","https://www.googleapis.com/auth/cloudplatformprojects.readonly","https://www.googleapis.com/auth/firebase","https://www.googleapis.com/auth/cloud-platform"]
[debug] [2026-01-27T05:07:26.719Z] > authorizing via signed-in user (dreamnatju28@gmail.com)
[debug] [2026-01-27T05:07:26.723Z] Checked if tokens are valid: true, expires at: 1769493973629
[debug] [2026-01-27T05:07:26.723Z] Checked if tokens are valid: true, expires at: 1769493973629
[debug] [2026-01-27T05:07:26.724Z] >>> [apiv2][query] GET https://firebase.googleapis.com/v1beta1/projects pageSize=1000
[debug] [2026-01-27T05:07:37.909Z] *** [apiv2] error from fetch(https://firebase.googleapis.com/v1beta1/projects?pageSize=1000, {"headers":{},"method":"GET","signal":{"reason":""}}): FetchError: request to https://firebase.googleapis.com/v1beta1/projects?pageSize=1000 failed, reason: getaddrinfo ENOTFOUND firebase.googleapis.com
[debug] [2026-01-27T05:07:37.909Z] Failed to make request to https://firebase.googleapis.com/v1beta1/projects?pageSize=1000
[debug] [2026-01-27T05:07:37.925Z] FirebaseError: Failed to make request to https://firebase.googleapis.com/v1beta1/projects?pageSize=1000
    at RetryOperation._fn (C:\Users\Admin\AppData\Roaming\npm\node_modules\firebase-tools\lib\apiv2.js:274:31)
    at process.processTicksAndRejections (node:internal/process/task_queues:103:5)
[error] 
[error] Error: Failed to list Firebase projects. See firebase-debug.log for more info.
